Arguments: 
  C:\Program Files\nodejs\node.exe C:\Users\maggi\AppData\Roaming\npm\node_modules\yarn\bin\yarn.js init -Y

PATH: 
  C:\Program Files\Git\mingw64\bin;C:\Program Files\Git\usr\bin;C:\Users\maggi\bin;C:\Program Files\Git\mingw64\bin;C:\Program Files\Git\usr\bin;C:\Users\maggi\bin;C:\Program Files\Docker\Docker\Resources\bin;C:\Program Files\ImageMagick-7.0.7-Q16;C:\WINDOWS\system32;C:\WINDOWS;C:\WINDOWS\System32\Wbem;C:\WINDOWS\System32\WindowsPowerShell\v1.0;C:\Program Files\Git\cmd;C:\Program Files (x86)\NVIDIA Corporation\PhysX\Common;C:\Program Files\dotnet;C:\WINDOWS\system32;C:\WINDOWS;C:\WINDOWS\System32\Wbem;C:\WINDOWS\System32\WindowsPowerShell\v1.0;C:\WINDOWS\System32\OpenSSH;C:\Program Files\nodejs;C:\Program Files\MongoDB\Server\3.6\bin;C:\ProgramData\chocolatey\bin;C:\Users\maggi\AppData\Local\Microsoft\WindowsApps;C:\Program Files\Microsoft VS Code\bin;C:\Users\maggi\AppData\Local\hyper\app-2.0.0\resources\bin;C:\Users\maggi\AppData\Roaming\npm;C:\Users\maggi\AppData\Local\atom\bin;C:\Users\maggi\AppData\Local\GitHubDesktop\bin;C:\Users\maggi\AppData\Local\.meteor;C:\Users\maggi\AppData\Local\Programs\Microsoft VS Code\bin

Yarn version: 
  1.7.0

Node version: 
  10.2.1

Platform: 
  win32 x64

Trace: 
  Error: canceled
      at Interface.<anonymous> (C:\Users\maggi\AppData\Roaming\npm\node_modules\yarn\lib\cli.js:131036:13)
      at Interface.emit (events.js:182:13)
      at Interface._ttyWrite (readline.js:783:16)
      at ReadStream.onkeypress (readline.js:168:10)
      at ReadStream.emit (events.js:182:13)
      at emitKeys (internal/readline.js:422:14)
      at emitKeys.next (<anonymous>)
      at ReadStream.onData (readline.js:1022:36)
      at ReadStream.emit (events.js:182:13)
      at addChunk (_stream_readable.js:279:12)

npm manifest: 
  No manifest

yarn manifest: 
  No manifest

Lockfile: 
  No lockfile
